<?xml version="1.0" encoding="UTF-8"?>
<testng-results total="6" passed="0" failed="0" skipped="6">
  <reporter-output>
  </reporter-output>
  <suite started-at="2020-11-16T15:14:18Z" name="Phase1 Suite" finished-at="2020-11-16T15:14:18Z" duration-ms="34">
    <groups>
    </groups>
    <test started-at="2020-11-16T15:14:18Z" name="Login And Logout" finished-at="2020-11-16T15:14:18Z" duration-ms="34">
      <class name="testcases.TrainingSession">
        <test-method is-config="true" signature="beforeTest(java.lang.reflect.Method)[pri:0, instance:testcases.TrainingSession@68034211]" started-at="2020-11-16T20:14:18Z" name="beforeTest" finished-at="2020-11-16T20:14:18Z" duration-ms="0" status="SKIP">
          <reporter-output>
          </reporter-output>
        </test-method> <!-- beforeTest -->
        <test-method signature="AlertWindow()[pri:0, instance:testcases.TrainingSession@68034211]" started-at="2020-11-16T20:14:18Z" name="AlertWindow" description="124640" finished-at="2020-11-16T20:14:18Z" duration-ms="0" status="SKIP">
          <reporter-output>
          </reporter-output>
        </test-method> <!-- AlertWindow -->
        <test-method is-config="true" signature="QuitDriver(org.testng.ITestResult, org.testng.ITestContext, java.lang.reflect.Method)[pri:0, instance:testcases.TrainingSession@68034211]" started-at="2020-11-16T20:14:18Z" name="QuitDriver" finished-at="2020-11-16T20:14:18Z" duration-ms="0" status="SKIP">
          <reporter-output>
          </reporter-output>
        </test-method> <!-- QuitDriver -->
        <test-method is-config="true" signature="beforeTest(java.lang.reflect.Method)[pri:0, instance:testcases.TrainingSession@68034211]" started-at="2020-11-16T20:14:18Z" name="beforeTest" finished-at="2020-11-16T20:14:18Z" duration-ms="0" status="SKIP">
          <reporter-output>
          </reporter-output>
        </test-method> <!-- beforeTest -->
        <test-method signature="Slider()[pri:0, instance:testcases.TrainingSession@68034211]" started-at="2020-11-16T20:14:18Z" name="Slider" description="124640" finished-at="2020-11-16T20:14:18Z" duration-ms="0" status="SKIP">
          <reporter-output>
          </reporter-output>
        </test-method> <!-- Slider -->
        <test-method is-config="true" signature="QuitDriver(org.testng.ITestResult, org.testng.ITestContext, java.lang.reflect.Method)[pri:0, instance:testcases.TrainingSession@68034211]" started-at="2020-11-16T20:14:18Z" name="QuitDriver" finished-at="2020-11-16T20:14:18Z" duration-ms="0" status="SKIP">
          <reporter-output>
          </reporter-output>
        </test-method> <!-- QuitDriver -->
        <test-method signature="JavaScriptAlert()[pri:0, instance:testcases.TrainingSession@68034211]" started-at="2020-11-16T20:14:18Z" name="JavaScriptAlert" description="124640" finished-at="2020-11-16T20:14:18Z" duration-ms="0" status="SKIP">
          <reporter-output>
          </reporter-output>
        </test-method> <!-- JavaScriptAlert -->
        <test-method is-config="true" signature="beforeTest(java.lang.reflect.Method)[pri:0, instance:testcases.TrainingSession@68034211]" started-at="2020-11-16T20:14:18Z" name="beforeTest" finished-at="2020-11-16T20:14:18Z" duration-ms="0" status="SKIP">
          <reporter-output>
          </reporter-output>
        </test-method> <!-- beforeTest -->
        <test-method is-config="true" signature="QuitDriver(org.testng.ITestResult, org.testng.ITestContext, java.lang.reflect.Method)[pri:0, instance:testcases.TrainingSession@68034211]" started-at="2020-11-16T20:14:18Z" name="QuitDriver" finished-at="2020-11-16T20:14:18Z" duration-ms="0" status="SKIP">
          <reporter-output>
          </reporter-output>
        </test-method> <!-- QuitDriver -->
      </class> <!-- testcases.TrainingSession -->
      <class name="testcases.LoginTests">
        <test-method is-config="true" signature="beforesuite(org.testng.ITestContext)[pri:0, instance:testcases.LoginTests@135606db]" started-at="2020-11-16T20:14:16Z" name="beforesuite" finished-at="2020-11-16T20:14:16Z" duration-ms="0" status="FAIL">
          <params>
            <param index="0">
              <value>
                <![CDATA[org.testng.TestRunner@5c92166b]]>
              </value>
            </param>
          </params>
          <exception class="org.openqa.selenium.SessionNotCreatedException">
            <message>
              <![CDATA[session not created: This version of ChromeDriver only supports Chrome version 83
  (Driver info: chromedriver=83.0.4103.39 (ccbf011cb2d2b19b506d844400483861342c20cd-refs/branch-heads/4103@{#416}),platform=Linux 5.4.0-52-generic x86_64) (WARNING: The server did not provide any stacktrace information)
Command duration or timeout: 558 milliseconds
Build info: version: '2.45.0', revision: '5017cb8e7ca8e37638dc3091b2440b90a1d8686f', time: '2015-02-27 09:10:26'
System info: host: 'vend-jahanzaib', ip: '192.168.100.7', os.name: 'Linux', os.arch: 'amd64', os.version: '5.4.0-52-generic', java.version: '15'
Driver info: org.openqa.selenium.chrome.ChromeDriver]]>
            </message>
            <full-stacktrace>
              <![CDATA[org.openqa.selenium.SessionNotCreatedException: session not created: This version of ChromeDriver only supports Chrome version 83
  (Driver info: chromedriver=83.0.4103.39 (ccbf011cb2d2b19b506d844400483861342c20cd-refs/branch-heads/4103@{#416}),platform=Linux 5.4.0-52-generic x86_64) (WARNING: The server did not provide any stacktrace information)
Command duration or timeout: 558 milliseconds
Build info: version: '2.45.0', revision: '5017cb8e7ca8e37638dc3091b2440b90a1d8686f', time: '2015-02-27 09:10:26'
System info: host: 'vend-jahanzaib', ip: '192.168.100.7', os.name: 'Linux', os.arch: 'amd64', os.version: '5.4.0-52-generic', java.version: '15'
Driver info: org.openqa.selenium.chrome.ChromeDriver
	at java.base/jdk.internal.reflect.NativeConstructorAccessorImpl.newInstance0(Native Method)
	at java.base/jdk.internal.reflect.NativeConstructorAccessorImpl.newInstance(NativeConstructorAccessorImpl.java:64)
	at java.base/jdk.internal.reflect.DelegatingConstructorAccessorImpl.newInstance(DelegatingConstructorAccessorImpl.java:45)
	at java.base/java.lang.reflect.Constructor.newInstanceWithCaller(Constructor.java:500)
	at java.base/java.lang.reflect.Constructor.newInstance(Constructor.java:481)
	at org.openqa.selenium.remote.ErrorHandler.createThrowable(ErrorHandler.java:204)
	at org.openqa.selenium.remote.ErrorHandler.throwIfResponseFailed(ErrorHandler.java:156)
	at org.openqa.selenium.remote.RemoteWebDriver.execute(RemoteWebDriver.java:599)
	at org.openqa.selenium.remote.RemoteWebDriver.startSession(RemoteWebDriver.java:240)
	at org.openqa.selenium.remote.RemoteWebDriver.<init>(RemoteWebDriver.java:126)
	at org.openqa.selenium.remote.RemoteWebDriver.<init>(RemoteWebDriver.java:139)
	at org.openqa.selenium.chrome.ChromeDriver.<init>(ChromeDriver.java:171)
	at org.openqa.selenium.chrome.ChromeDriver.<init>(ChromeDriver.java:160)
	at org.openqa.selenium.chrome.ChromeDriver.<init>(ChromeDriver.java:149)
	at general.WebDriverFactory.getInstance(WebDriverFactory.java:56)
	at general.BaseTest.beforesuite(BaseTest.java:69)
	at java.base/jdk.internal.reflect.NativeMethodAccessorImpl.invoke0(Native Method)
	at java.base/jdk.internal.reflect.NativeMethodAccessorImpl.invoke(NativeMethodAccessorImpl.java:64)
	at java.base/jdk.internal.reflect.DelegatingMethodAccessorImpl.invoke(DelegatingMethodAccessorImpl.java:43)
	at java.base/java.lang.reflect.Method.invoke(Method.java:564)
	at org.testng.internal.MethodInvocationHelper.invokeMethod(MethodInvocationHelper.java:86)
	at org.testng.internal.Invoker.invokeConfigurationMethod(Invoker.java:514)
	at org.testng.internal.Invoker.invokeConfigurations(Invoker.java:215)
	at org.testng.internal.Invoker.invokeConfigurations(Invoker.java:142)
	at org.testng.SuiteRunner.privateRun(SuiteRunner.java:305)
	at org.testng.SuiteRunner.run(SuiteRunner.java:268)
	at org.testng.SuiteRunnerWorker.runSuite(SuiteRunnerWorker.java:52)
	at org.testng.SuiteRunnerWorker.run(SuiteRunnerWorker.java:86)
	at org.testng.TestNG.runSuitesSequentially(TestNG.java:1244)
	at org.testng.TestNG.runSuitesLocally(TestNG.java:1169)
	at org.testng.TestNG.run(TestNG.java:1064)
	at org.apache.maven.surefire.testng.TestNGExecutor.run(TestNGExecutor.java:178)
	at org.apache.maven.surefire.testng.TestNGXmlTestSuite.execute(TestNGXmlTestSuite.java:92)
	at org.apache.maven.surefire.testng.TestNGProvider.invoke(TestNGProvider.java:96)
	at java.base/jdk.internal.reflect.NativeMethodAccessorImpl.invoke0(Native Method)
	at java.base/jdk.internal.reflect.NativeMethodAccessorImpl.invoke(NativeMethodAccessorImpl.java:64)
	at java.base/jdk.internal.reflect.DelegatingMethodAccessorImpl.invoke(DelegatingMethodAccessorImpl.java:43)
	at java.base/java.lang.reflect.Method.invoke(Method.java:564)
	at org.apache.maven.surefire.util.ReflectionUtils.invokeMethodWithArray2(ReflectionUtils.java:208)
	at org.apache.maven.surefire.booter.ProviderFactory$ProviderProxy.invoke(ProviderFactory.java:159)
	at org.apache.maven.surefire.booter.ProviderFactory.invokeProvider(ProviderFactory.java:87)
	at org.apache.maven.surefire.booter.ForkedBooter.runSuitesInProcess(ForkedBooter.java:153)
	at org.apache.maven.surefire.booter.ForkedBooter.main(ForkedBooter.java:95)
]]>
            </full-stacktrace>
          </exception> <!-- org.openqa.selenium.SessionNotCreatedException -->
          <reporter-output>
          </reporter-output>
        </test-method> <!-- beforesuite -->
        <test-method is-config="true" signature="beforeTest(java.lang.reflect.Method)[pri:0, instance:testcases.LoginTests@135606db]" started-at="2020-11-16T20:14:18Z" name="beforeTest" finished-at="2020-11-16T20:14:18Z" duration-ms="0" status="SKIP">
          <reporter-output>
          </reporter-output>
        </test-method> <!-- beforeTest -->
        <test-method signature="loginIntoApplication()[pri:0, instance:testcases.LoginTests@135606db]" started-at="2020-11-16T20:14:18Z" name="loginIntoApplication" description="124640" finished-at="2020-11-16T20:14:18Z" duration-ms="0" status="SKIP">
          <reporter-output>
          </reporter-output>
        </test-method> <!-- loginIntoApplication -->
        <test-method is-config="true" signature="QuitDriver(org.testng.ITestResult, org.testng.ITestContext, java.lang.reflect.Method)[pri:0, instance:testcases.LoginTests@135606db]" started-at="2020-11-16T20:14:18Z" name="QuitDriver" finished-at="2020-11-16T20:14:18Z" duration-ms="0" status="SKIP">
          <reporter-output>
          </reporter-output>
        </test-method> <!-- QuitDriver -->
        <test-method is-config="true" signature="beforeTest(java.lang.reflect.Method)[pri:0, instance:testcases.LoginTests@135606db]" started-at="2020-11-16T20:14:18Z" name="beforeTest" finished-at="2020-11-16T20:14:18Z" duration-ms="0" status="SKIP">
          <reporter-output>
          </reporter-output>
        </test-method> <!-- beforeTest -->
        <test-method signature="Scrolling()[pri:0, instance:testcases.LoginTests@135606db]" started-at="2020-11-16T20:14:18Z" name="Scrolling" description="124640" finished-at="2020-11-16T20:14:18Z" duration-ms="0" status="SKIP">
          <reporter-output>
          </reporter-output>
        </test-method> <!-- Scrolling -->
        <test-method is-config="true" signature="beforeTest(java.lang.reflect.Method)[pri:0, instance:testcases.LoginTests@135606db]" started-at="2020-11-16T20:14:18Z" name="beforeTest" finished-at="2020-11-16T20:14:18Z" duration-ms="0" status="SKIP">
          <reporter-output>
          </reporter-output>
        </test-method> <!-- beforeTest -->
        <test-method is-config="true" signature="QuitDriver(org.testng.ITestResult, org.testng.ITestContext, java.lang.reflect.Method)[pri:0, instance:testcases.LoginTests@135606db]" started-at="2020-11-16T20:14:18Z" name="QuitDriver" finished-at="2020-11-16T20:14:18Z" duration-ms="0" status="SKIP">
          <reporter-output>
          </reporter-output>
        </test-method> <!-- QuitDriver -->
        <test-method signature="ListBoxDemo()[pri:0, instance:testcases.LoginTests@135606db]" started-at="2020-11-16T20:14:18Z" name="ListBoxDemo" description="124640" finished-at="2020-11-16T20:14:18Z" duration-ms="3" status="SKIP">
          <reporter-output>
          </reporter-output>
        </test-method> <!-- ListBoxDemo -->
        <test-method is-config="true" signature="QuitDriver(org.testng.ITestResult, org.testng.ITestContext, java.lang.reflect.Method)[pri:0, instance:testcases.LoginTests@135606db]" started-at="2020-11-16T20:14:18Z" name="QuitDriver" finished-at="2020-11-16T20:14:18Z" duration-ms="0" status="SKIP">
          <reporter-output>
          </reporter-output>
        </test-method> <!-- QuitDriver -->
        <test-method is-config="true" signature="tearDown()[pri:0, instance:testcases.LoginTests@135606db]" started-at="2020-11-16T20:14:18Z" name="tearDown" finished-at="2020-11-16T20:14:18Z" duration-ms="0" status="SKIP">
          <reporter-output>
          </reporter-output>
        </test-method> <!-- tearDown -->
      </class> <!-- testcases.LoginTests -->
    </test> <!-- Login And Logout -->
  </suite> <!-- Phase1 Suite -->
</testng-results>
