<?xml version="1.0" encoding="UTF-8"?>
<testsuite name="TestSuite" time="2.306" tests="20" errors="0" skipped="19" failures="1">
  <properties>
[...]
</properties>
  <testcase name="beforesuite" classname="testcases.LoginTests" time="2.306">
    <failure message="session not created: This version of ChromeDriver only supports Chrome version 83&#10;  (Driver info: chromedriver=83.0.4103.39 (ccbf011cb2d2b19b506d844400483861342c20cd-refs/branch-heads/4103@{#416}),platform=Linux 5.4.0-52-generic x86_64) (WARNING: The server did not provide any stacktrace information)&#10;Command duration or timeout: 558 milliseconds&#10;Build info: version: &apos;2.45.0&apos;, revision: &apos;5017cb8e7ca8e37638dc3091b2440b90a1d8686f&apos;, time: &apos;2015-02-27 09:10:26&apos;&#10;System info: host: &apos;vend-jahanzaib&apos;, ip: &apos;192.168.100.7&apos;, os.name: &apos;Linux&apos;, os.arch: &apos;amd64&apos;, os.version: &apos;5.4.0-52-generic&apos;, java.version: &apos;15&apos;&#10;Driver info: org.openqa.selenium.chrome.ChromeDriver" type="org.openqa.selenium.SessionNotCreatedException"><![CDATA[org.openqa.selenium.SessionNotCreatedException: session not created: This version of ChromeDriver only supports Chrome version 83
  (Driver info: chromedriver=83.0.4103.39 (ccbf011cb2d2b19b506d844400483861342c20cd-refs/branch-heads/4103@{#416}),platform=Linux 5.4.0-52-generic x86_64) (WARNING: The server did not provide any stacktrace information)
Command duration or timeout: 558 milliseconds
Build info: version: '2.45.0', revision: '5017cb8e7ca8e37638dc3091b2440b90a1d8686f', time: '2015-02-27 09:10:26'
System info: host: 'vend-jahanzaib', ip: '192.168.100.7', os.name: 'Linux', os.arch: 'amd64', os.version: '5.4.0-52-generic', java.version: '15'
Driver info: org.openqa.selenium.chrome.ChromeDriver
	at java.base/jdk.internal.reflect.NativeConstructorAccessorImpl.newInstance0(Native Method)
	at java.base/jdk.internal.reflect.NativeConstructorAccessorImpl.newInstance(NativeConstructorAccessorImpl.java:64)
	at java.base/jdk.internal.reflect.DelegatingConstructorAccessorImpl.newInstance(DelegatingConstructorAccessorImpl.java:45)
	at java.base/java.lang.reflect.Constructor.newInstanceWithCaller(Constructor.java:500)
	at java.base/java.lang.reflect.Constructor.newInstance(Constructor.java:481)
	at org.openqa.selenium.remote.ErrorHandler.createThrowable(ErrorHandler.java:204)
	at org.openqa.selenium.remote.ErrorHandler.throwIfResponseFailed(ErrorHandler.java:156)
	at org.openqa.selenium.remote.RemoteWebDriver.execute(RemoteWebDriver.java:599)
	at org.openqa.selenium.remote.RemoteWebDriver.startSession(RemoteWebDriver.java:240)
	at org.openqa.selenium.remote.RemoteWebDriver.<init>(RemoteWebDriver.java:126)
	at org.openqa.selenium.remote.RemoteWebDriver.<init>(RemoteWebDriver.java:139)
	at org.openqa.selenium.chrome.ChromeDriver.<init>(ChromeDriver.java:171)
	at org.openqa.selenium.chrome.ChromeDriver.<init>(ChromeDriver.java:160)
	at org.openqa.selenium.chrome.ChromeDriver.<init>(ChromeDriver.java:149)
	at general.WebDriverFactory.getInstance(WebDriverFactory.java:56)
	at general.BaseTest.beforesuite(BaseTest.java:69)
	at java.base/jdk.internal.reflect.NativeMethodAccessorImpl.invoke0(Native Method)
	at java.base/jdk.internal.reflect.NativeMethodAccessorImpl.invoke(NativeMethodAccessorImpl.java:64)
	at java.base/jdk.internal.reflect.DelegatingMethodAccessorImpl.invoke(DelegatingMethodAccessorImpl.java:43)
	at java.base/java.lang.reflect.Method.invoke(Method.java:564)
	at org.testng.internal.MethodInvocationHelper.invokeMethod(MethodInvocationHelper.java:86)
	at org.testng.internal.Invoker.invokeConfigurationMethod(Invoker.java:514)
	at org.testng.internal.Invoker.invokeConfigurations(Invoker.java:215)
	at org.testng.internal.Invoker.invokeConfigurations(Invoker.java:142)
	at org.testng.SuiteRunner.privateRun(SuiteRunner.java:305)
	at org.testng.SuiteRunner.run(SuiteRunner.java:268)
	at org.testng.SuiteRunnerWorker.runSuite(SuiteRunnerWorker.java:52)
	at org.testng.SuiteRunnerWorker.run(SuiteRunnerWorker.java:86)
	at org.testng.TestNG.runSuitesSequentially(TestNG.java:1244)
	at org.testng.TestNG.runSuitesLocally(TestNG.java:1169)
	at org.testng.TestNG.run(TestNG.java:1064)
	at org.apache.maven.surefire.testng.TestNGExecutor.run(TestNGExecutor.java:178)
	at org.apache.maven.surefire.testng.TestNGXmlTestSuite.execute(TestNGXmlTestSuite.java:92)
	at org.apache.maven.surefire.testng.TestNGProvider.invoke(TestNGProvider.java:96)
	at java.base/jdk.internal.reflect.NativeMethodAccessorImpl.invoke0(Native Method)
	at java.base/jdk.internal.reflect.NativeMethodAccessorImpl.invoke(NativeMethodAccessorImpl.java:64)
	at java.base/jdk.internal.reflect.DelegatingMethodAccessorImpl.invoke(DelegatingMethodAccessorImpl.java:43)
	at java.base/java.lang.reflect.Method.invoke(Method.java:564)
	at org.apache.maven.surefire.util.ReflectionUtils.invokeMethodWithArray2(ReflectionUtils.java:208)
	at org.apache.maven.surefire.booter.ProviderFactory$ProviderProxy.invoke(ProviderFactory.java:159)
	at org.apache.maven.surefire.booter.ProviderFactory.invokeProvider(ProviderFactory.java:87)
	at org.apache.maven.surefire.booter.ForkedBooter.runSuitesInProcess(ForkedBooter.java:153)
	at org.apache.maven.surefire.booter.ForkedBooter.main(ForkedBooter.java:95)
]]></failure>
    <system-err>Starting ChromeDriver 83.0.4103.39 (ccbf011cb2d2b19b506d844400483861342c20cd-refs/branch-heads/4103@{#416}) on port 30534
Only local connections are allowed.
Please see https://chromedriver.chromium.org/security-considerations for suggestions on keeping ChromeDriver safe.
ChromeDriver was started successfully.
[1605539657.212][WARNING]: Public key in crx header is different from key in manifest
key from header:   MIIBIjANBgkqhkiG9w0BAQEFAAOCAQ8AMIIBCgKCAQEAsyUg0uzF7i1nTRTJ4qX81Igp2Y0zpWMjx/R9KA2crU2sIHxCDT3ABrRZ4gdbtue4cRHJJ+a9eC2rAo40OHo0U5ZZn9zDytMzuHPOua+HoK0Yo8UW7+nOM0O/yaYkZwq1YjnSOrMA4FbM/zi/ZZuNn7DA927y/Jjj84lFxMTYkI6jmnFZO6ykQLBS1ZPd+wXPea8Oni5VANlkPyb8wdSsydnqWpt8WkJl5MuFspoos96LE2wTNchO6ZOr/F/F56PTektzQ3gJLaZ7TgKd9mixDXmT+WL26nRPyPeHk5dYgLXfWFQd/pVrBWYL5VDKXVA7PjMddX7Bghrw6cDuXdG4jwIDAQAB
key from manifest: MIGfMA0GCSqGSIb3DQEBAQUAA4GNADCBiQKBgQC5Sq1NeTWSJlXL55lPcec6Fi5RBDBwjOsuvlypR8BkBsSN6e+nPiOBT432mA6xHDQT2SiAKK4jtoUcfdUrvR+4J5K1/3UmCrTqNQ0773sD14W+u9WDowsIwehh0Pso1jxTdoM31JRExRKBI8/w2Sup7zr40dLmV+bVAnT9ruwtuwIDAQAB
generated extension id from header key:   ncciahkccfhgclfibmihpdfnlpemkeen
generated extension id from manifest key: fhbjgbiflinjbdggehcddcbncdddomop
</system-err>
  </testcase>
  <testcase name="beforeTest" classname="testcases.LoginTests" time="0">
    <skipped/>
  </testcase>
  <testcase name="loginIntoApplication" classname="testcases.LoginTests" time="0">
    <skipped/>
  </testcase>
  <testcase name="QuitDriver" classname="testcases.LoginTests" time="0">
    <skipped/>
  </testcase>
  <testcase name="beforeTest" classname="testcases.LoginTests" time="0">
    <skipped/>
  </testcase>
  <testcase name="Scrolling" classname="testcases.LoginTests" time="0">
    <skipped/>
  </testcase>
  <testcase name="QuitDriver" classname="testcases.LoginTests" time="0">
    <skipped/>
  </testcase>
  <testcase name="beforeTest" classname="testcases.LoginTests" time="0">
    <skipped/>
  </testcase>
  <testcase name="ListBoxDemo" classname="testcases.LoginTests" time="0">
    <skipped/>
  </testcase>
  <testcase name="QuitDriver" classname="testcases.LoginTests" time="0">
    <skipped/>
  </testcase>
  <testcase name="beforeTest" classname="testcases.TrainingSession" time="0">
    <skipped/>
  </testcase>
  <testcase name="AlertWindow" classname="testcases.TrainingSession" time="0">
    <skipped/>
  </testcase>
  <testcase name="QuitDriver" classname="testcases.TrainingSession" time="0">
    <skipped/>
  </testcase>
  <testcase name="beforeTest" classname="testcases.TrainingSession" time="0">
    <skipped/>
  </testcase>
  <testcase name="Slider" classname="testcases.TrainingSession" time="0">
    <skipped/>
  </testcase>
  <testcase name="QuitDriver" classname="testcases.TrainingSession" time="0">
    <skipped/>
  </testcase>
  <testcase name="beforeTest" classname="testcases.TrainingSession" time="0">
    <skipped/>
  </testcase>
  <testcase name="JavaScriptAlert" classname="testcases.TrainingSession" time="0">
    <skipped/>
  </testcase>
  <testcase name="QuitDriver" classname="testcases.TrainingSession" time="0">
    <skipped/>
  </testcase>
  <testcase name="tearDown" classname="testcases.LoginTests" time="0">
    <skipped/>
  </testcase>
</testsuite>