<?xml version="1.0" encoding="UTF-8"?>
<testng-results total="1" passed="1" failed="0" skipped="0">
  <reporter-output>
  </reporter-output>
  <suite started-at="2020-11-18T20:12:38Z" name="Phase1 Suite" finished-at="2020-11-18T20:12:42Z" duration-ms="4055">
    <groups>
    </groups>
    <test started-at="2020-11-18T20:12:38Z" name="Login And Logout" finished-at="2020-11-18T20:12:42Z" duration-ms="4055">
      <class name="testcases.LoginTests">
        <test-method is-config="true" signature="beforesuite(org.testng.ITestContext)[pri:0, instance:testcases.LoginTests@135606db]" started-at="2020-11-19T01:12:35Z" name="beforesuite" finished-at="2020-11-19T01:12:38Z" duration-ms="3372" status="PASS">
          <params>
            <param index="0">
              <value>
                <![CDATA[org.testng.TestRunner@6e78fcf5]]>
              </value>
            </param>
          </params>
          <reporter-output>
          </reporter-output>
        </test-method> <!-- beforesuite -->
        <test-method is-config="true" signature="beforeTest(java.lang.reflect.Method)[pri:0, instance:testcases.LoginTests@135606db]" started-at="2020-11-19T01:12:38Z" name="beforeTest" finished-at="2020-11-19T01:12:38Z" duration-ms="1" status="PASS">
          <params>
            <param index="0">
              <value>
                <![CDATA[public static void testcases.LoginTests.loginIntoApplication() throws java.lang.InterruptedException]]>
              </value>
            </param>
          </params>
          <reporter-output>
          </reporter-output>
        </test-method> <!-- beforeTest -->
        <test-method signature="loginIntoApplication()[pri:0, instance:testcases.LoginTests@135606db]" started-at="2020-11-19T01:12:38Z" name="loginIntoApplication" description="124640" finished-at="2020-11-19T01:12:42Z" duration-ms="4014" status="PASS">
          <reporter-output>
          </reporter-output>
        </test-method> <!-- loginIntoApplication -->
        <test-method is-config="true" signature="QuitDriver(org.testng.ITestResult, org.testng.ITestContext, java.lang.reflect.Method)[pri:0, instance:testcases.LoginTests@135606db]" started-at="2020-11-19T01:12:42Z" name="QuitDriver" finished-at="2020-11-19T01:12:42Z" duration-ms="36" status="PASS">
          <params>
            <param index="0">
              <value>
                <![CDATA[[TestResult name=loginIntoApplication status=SUCCESS method=LoginTests.loginIntoApplication()[pri:0, instance:testcases.LoginTests@135606db] output={null}]]]>
              </value>
            </param>
            <param index="1">
              <value>
                <![CDATA[org.testng.TestRunner@6e78fcf5]]>
              </value>
            </param>
            <param index="2">
              <value>
                <![CDATA[public static void testcases.LoginTests.loginIntoApplication() throws java.lang.InterruptedException]]>
              </value>
            </param>
          </params>
          <reporter-output>
          </reporter-output>
        </test-method> <!-- QuitDriver -->
        <test-method is-config="true" signature="tearDown()[pri:0, instance:testcases.LoginTests@135606db]" started-at="2020-11-19T01:12:42Z" name="tearDown" finished-at="2020-11-19T01:12:43Z" duration-ms="564" status="PASS">
          <reporter-output>
          </reporter-output>
        </test-method> <!-- tearDown -->
      </class> <!-- testcases.LoginTests -->
    </test> <!-- Login And Logout -->
  </suite> <!-- Phase1 Suite -->
</testng-results>
